<?xml version="1.0" encoding="UTF-8"?>
<testsuite name="com.okta.springbootvue.SpringBootVueApplicationTests" tests="1" skipped="0" failures="0" errors="0" timestamp="2019-12-20T09:09:33" hostname="AL01568164.local" time="0.079">
  <properties/>
  <testcase name="contextLoads" classname="com.okta.springbootvue.SpringBootVueApplicationTests" time="0.079"/>
  <system-out><![CDATA[18:09:23.739 [Test worker] DEBUG org.springframework.test.context.junit4.SpringJUnit4ClassRunner - SpringJUnit4ClassRunner constructor called with [class com.okta.springbootvue.SpringBootVueApplicationTests]
18:09:23.747 [Test worker] DEBUG org.springframework.test.context.BootstrapUtils - Instantiating CacheAwareContextLoaderDelegate from class [org.springframework.test.context.cache.DefaultCacheAwareContextLoaderDelegate]
18:09:23.753 [Test worker] DEBUG org.springframework.test.context.BootstrapUtils - Instantiating BootstrapContext using constructor [public org.springframework.test.context.support.DefaultBootstrapContext(java.lang.Class,org.springframework.test.context.CacheAwareContextLoaderDelegate)]
18:09:23.766 [Test worker] DEBUG org.springframework.test.context.BootstrapUtils - Instantiating TestContextBootstrapper for test class [com.okta.springbootvue.SpringBootVueApplicationTests] from class [org.springframework.boot.test.context.SpringBootTestContextBootstrapper]
18:09:23.778 [Test worker] INFO org.springframework.boot.test.context.SpringBootTestContextBootstrapper - Neither @ContextConfiguration nor @ContextHierarchy found for test class [com.okta.springbootvue.SpringBootVueApplicationTests], using SpringBootContextLoader
18:09:23.780 [Test worker] DEBUG org.springframework.test.context.support.AbstractContextLoader - Did not detect default resource location for test class [com.okta.springbootvue.SpringBootVueApplicationTests]: class path resource [com/okta/springbootvue/SpringBootVueApplicationTests-context.xml] does not exist
18:09:23.781 [Test worker] DEBUG org.springframework.test.context.support.AbstractContextLoader - Did not detect default resource location for test class [com.okta.springbootvue.SpringBootVueApplicationTests]: class path resource [com/okta/springbootvue/SpringBootVueApplicationTestsContext.groovy] does not exist
18:09:23.781 [Test worker] INFO org.springframework.test.context.support.AbstractContextLoader - Could not detect default resource locations for test class [com.okta.springbootvue.SpringBootVueApplicationTests]: no resource found for suffixes {-context.xml, Context.groovy}.
18:09:23.782 [Test worker] INFO org.springframework.test.context.support.AnnotationConfigContextLoaderUtils - Could not detect default configuration classes for test class [com.okta.springbootvue.SpringBootVueApplicationTests]: SpringBootVueApplicationTests does not declare any static, non-private, non-final, nested classes annotated with @Configuration.
18:09:23.821 [Test worker] DEBUG org.springframework.test.context.support.ActiveProfilesUtils - Could not find an 'annotation declaring class' for annotation type [org.springframework.test.context.ActiveProfiles] and class [com.okta.springbootvue.SpringBootVueApplicationTests]
18:09:23.879 [Test worker] DEBUG org.springframework.context.annotation.ClassPathScanningCandidateComponentProvider - Identified candidate component class: file [/Users/nhn/project/SpringBootVueApplication/server/build/classes/java/main/com/okta/springbootvue/SpringBootVueApplication.class]
18:09:23.886 [Test worker] INFO org.springframework.boot.test.context.SpringBootTestContextBootstrapper - Found @SpringBootConfiguration com.okta.springbootvue.SpringBootVueApplication for test class com.okta.springbootvue.SpringBootVueApplicationTests
18:09:23.952 [Test worker] DEBUG org.springframework.boot.test.context.SpringBootTestContextBootstrapper - @TestExecutionListeners is not present for class [com.okta.springbootvue.SpringBootVueApplicationTests]: using defaults.
18:09:23.953 [Test worker] INFO org.springframework.boot.test.context.SpringBootTestContextBootstrapper - Loaded default TestExecutionListener class names from location [META-INF/spring.factories]: [org.springframework.boot.test.autoconfigure.restdocs.RestDocsTestExecutionListener, org.springframework.boot.test.autoconfigure.web.client.MockRestServiceServerResetTestExecutionListener, org.springframework.boot.test.autoconfigure.web.servlet.MockMvcPrintOnlyOnFailureTestExecutionListener, org.springframework.boot.test.autoconfigure.web.servlet.WebDriverTestExecutionListener, org.springframework.boot.test.mock.mockito.MockitoTestExecutionListener, org.springframework.boot.test.mock.mockito.ResetMocksTestExecutionListener, org.springframework.test.context.web.ServletTestExecutionListener, org.springframework.test.context.support.DirtiesContextBeforeModesTestExecutionListener, org.springframework.test.context.support.DependencyInjectionTestExecutionListener, org.springframework.test.context.support.DirtiesContextTestExecutionListener, org.springframework.test.context.transaction.TransactionalTestExecutionListener, org.springframework.test.context.jdbc.SqlScriptsTestExecutionListener]
18:09:23.968 [Test worker] INFO org.springframework.boot.test.context.SpringBootTestContextBootstrapper - Using TestExecutionListeners: [org.springframework.test.context.web.ServletTestExecutionListener@162fdc00, org.springframework.test.context.support.DirtiesContextBeforeModesTestExecutionListener@2cb0d9f9, org.springframework.boot.test.mock.mockito.MockitoTestExecutionListener@1a7e59bd, org.springframework.boot.test.autoconfigure.SpringBootDependencyInjectionTestExecutionListener@3665cd28, org.springframework.test.context.support.DirtiesContextTestExecutionListener@5ec2c838, org.springframework.test.context.transaction.TransactionalTestExecutionListener@7417bd08, org.springframework.test.context.jdbc.SqlScriptsTestExecutionListener@1cccb186, org.springframework.boot.test.autoconfigure.restdocs.RestDocsTestExecutionListener@45833ba, org.springframework.boot.test.autoconfigure.web.client.MockRestServiceServerResetTestExecutionListener@4c13a801, org.springframework.boot.test.autoconfigure.web.servlet.MockMvcPrintOnlyOnFailureTestExecutionListener@525a376, org.springframework.boot.test.autoconfigure.web.servlet.WebDriverTestExecutionListener@7c1c72d5, org.springframework.boot.test.mock.mockito.ResetMocksTestExecutionListener@399c4b0f]
18:09:23.971 [Test worker] DEBUG org.springframework.test.annotation.ProfileValueUtils - Retrieved @ProfileValueSourceConfiguration [null] for test class [com.okta.springbootvue.SpringBootVueApplicationTests]
18:09:23.971 [Test worker] DEBUG org.springframework.test.annotation.ProfileValueUtils - Retrieved ProfileValueSource type [class org.springframework.test.annotation.SystemProfileValueSource] for class [com.okta.springbootvue.SpringBootVueApplicationTests]
18:09:23.972 [Test worker] DEBUG org.springframework.test.annotation.ProfileValueUtils - Retrieved @ProfileValueSourceConfiguration [null] for test class [com.okta.springbootvue.SpringBootVueApplicationTests]
18:09:23.972 [Test worker] DEBUG org.springframework.test.annotation.ProfileValueUtils - Retrieved ProfileValueSource type [class org.springframework.test.annotation.SystemProfileValueSource] for class [com.okta.springbootvue.SpringBootVueApplicationTests]
18:09:23.976 [Test worker] DEBUG org.springframework.test.context.support.AbstractDirtiesContextTestExecutionListener - Before test class: context [DefaultTestContext@524298ee testClass = SpringBootVueApplicationTests, testInstance = [null], testMethod = [null], testException = [null], mergedContextConfiguration = [WebMergedContextConfiguration@2c33f0bd testClass = SpringBootVueApplicationTests, locations = '{}', classes = '{class com.okta.springbootvue.SpringBootVueApplication}', contextInitializerClasses = '[]', activeProfiles = '{}', propertySourceLocations = '{}', propertySourceProperties = '{org.springframework.boot.test.context.SpringBootTestContextBootstrapper=true}', contextCustomizers = set[org.springframework.boot.test.autoconfigure.properties.PropertyMappingContextCustomizer@0, org.springframework.boot.test.autoconfigure.web.servlet.WebDriverContextCustomizerFactory$Customizer@591d121d, org.springframework.boot.test.context.filter.ExcludeFilterContextCustomizer@e40980c, org.springframework.boot.test.json.DuplicateJsonObjectContextCustomizerFactory$DuplicateJsonObjectContextCustomizer@1fc11e12, org.springframework.boot.test.mock.mockito.MockitoContextCustomizer@0, org.springframework.boot.test.web.client.TestRestTemplateContextCustomizer@135f439c], resourceBasePath = 'src/main/webapp', contextLoader = 'org.springframework.boot.test.context.SpringBootContextLoader', parent = [null]], attributes = map['org.springframework.test.context.web.ServletTestExecutionListener.activateListener' -> true]], class annotated with @DirtiesContext [false] with mode [null].
18:09:23.977 [Test worker] DEBUG org.springframework.test.annotation.ProfileValueUtils - Retrieved @ProfileValueSourceConfiguration [null] for test class [com.okta.springbootvue.SpringBootVueApplicationTests]
18:09:23.977 [Test worker] DEBUG org.springframework.test.annotation.ProfileValueUtils - Retrieved ProfileValueSource type [class org.springframework.test.annotation.SystemProfileValueSource] for class [com.okta.springbootvue.SpringBootVueApplicationTests]
18:09:23.992 [Test worker] DEBUG org.springframework.test.context.support.TestPropertySourceUtils - Adding inlined properties to environment: {spring.jmx.enabled=false, org.springframework.boot.test.context.SpringBootTestContextBootstrapper=true, server.port=-1}

  .   ____          _            __ _ _
 /\\ / ___'_ __ _ _(_)_ __  __ _ \ \ \ \
( ( )\___ | '_ | '_| | '_ \/ _` | \ \ \ \
 \\/  ___)| |_)| | | | | || (_| |  ) ) ) )
  '  |____| .__|_| |_|_| |_\__, | / / / /
 =========|_|==============|___/=/_/_/_/
 :: Spring Boot ::        (v2.1.9.RELEASE)

2019-12-20 18:09:29.267  INFO 27429 --- [    Test worker] c.o.s.SpringBootVueApplicationTests      : Starting SpringBootVueApplicationTests on AL01568164.local with PID 27429 (started by nhn in /Users/nhn/project/SpringBootVueApplication/server)
2019-12-20 18:09:29.268  INFO 27429 --- [    Test worker] c.o.s.SpringBootVueApplicationTests      : No active profile set, falling back to default profiles: default
2019-12-20 18:09:29.822  INFO 27429 --- [    Test worker] .s.d.r.c.RepositoryConfigurationDelegate : Bootstrapping Spring Data repositories in DEFAULT mode.
2019-12-20 18:09:29.873  INFO 27429 --- [    Test worker] .s.d.r.c.RepositoryConfigurationDelegate : Finished Spring Data repository scanning in 44ms. Found 2 repository interfaces.
2019-12-20 18:09:30.252  INFO 27429 --- [    Test worker] trationDelegate$BeanPostProcessorChecker : Bean 'org.springframework.transaction.annotation.ProxyTransactionManagementConfiguration' of type [org.springframework.transaction.annotation.ProxyTransactionManagementConfiguration$$EnhancerBySpringCGLIB$$59f068b3] is not eligible for getting processed by all BeanPostProcessors (for example: not eligible for auto-proxying)
2019-12-20 18:09:30.281  INFO 27429 --- [    Test worker] trationDelegate$BeanPostProcessorChecker : Bean 'org.springframework.hateoas.config.HateoasConfiguration' of type [org.springframework.hateoas.config.HateoasConfiguration$$EnhancerBySpringCGLIB$$d970b5e5] is not eligible for getting processed by all BeanPostProcessors (for example: not eligible for auto-proxying)
2019-12-20 18:09:30.485  INFO 27429 --- [    Test worker] o.hibernate.jpa.internal.util.LogHelper  : HHH000204: Processing PersistenceUnitInfo [
	name: default
	...]
2019-12-20 18:09:30.532  INFO 27429 --- [    Test worker] org.hibernate.Version                    : HHH000412: Hibernate Core {5.3.12.Final}
2019-12-20 18:09:30.534  INFO 27429 --- [    Test worker] org.hibernate.cfg.Environment            : HHH000206: hibernate.properties not found
2019-12-20 18:09:30.656  INFO 27429 --- [    Test worker] o.hibernate.annotations.common.Version   : HCANN000001: Hibernate Commons Annotations {5.0.4.Final}
2019-12-20 18:09:30.765  INFO 27429 --- [    Test worker] com.zaxxer.hikari.HikariDataSource       : HikariPool-1 - Starting...
2019-12-20 18:09:30.768  WARN 27429 --- [    Test worker] com.zaxxer.hikari.util.DriverDataSource  : Registered driver with driverClassName=com.mysql.jdbc.Driver was not found, trying direct instantiation.
2019-12-20 18:09:31.233  INFO 27429 --- [    Test worker] com.zaxxer.hikari.HikariDataSource       : HikariPool-1 - Start completed.
2019-12-20 18:09:31.244  INFO 27429 --- [    Test worker] org.hibernate.dialect.Dialect            : HHH000400: Using dialect: org.hibernate.dialect.MySQL5InnoDBDialect
2019-12-20 18:09:31.842  INFO 27429 --- [    Test worker] j.LocalContainerEntityManagerFactoryBean : Initialized JPA EntityManagerFactory for persistence unit 'default'
2019-12-20 18:09:32.871  INFO 27429 --- [    Test worker] o.s.s.concurrent.ThreadPoolTaskExecutor  : Initializing ExecutorService 'applicationTaskExecutor'
2019-12-20 18:09:32.918  WARN 27429 --- [    Test worker] aWebConfiguration$JpaWebMvcConfiguration : spring.jpa.open-in-view is enabled by default. Therefore, database queries may be performed during view rendering. Explicitly configure spring.jpa.open-in-view to disable this warning
2019-12-20 18:09:33.252  INFO 27429 --- [    Test worker] c.o.s.SpringBootVueApplicationTests      : Started SpringBootVueApplicationTests in 9.253 seconds (JVM running for 10.035)
2019-12-20 18:09:33.296  INFO 27429 --- [    Test worker] o.h.h.i.QueryTranslatorFactoryInitiator  : HHH000397: Using ASTQueryTranslatorFactory
Hibernate: select user0_.id as id1_1_, user0_.name as name2_1_, user0_.password as password3_1_ from user user0_
User(id=lee, password=1234, name=lsh)
User(id=lsh, password=12341234, name=Lee)
User(id=new, password=test, name=test)
User(id=soondl, password=tnsgud, name=??)
User(id=sungdl93, password=dltjdgus2013, name=seonghyun)
Hibernate: select todo0_.id as id1_0_, todo0_.completed as complete2_0_, todo0_.title as title3_0_, todo0_.user as user4_0_ from todo todo0_
Todo(id=1, title=Buy milk, completed=false, user=lsh)
Todo(id=2, title=Eat Lunch, completed=false, user=lsh)
Todo(id=3, title=Haha, completed=false, user=lsh)
Todo(id=6, title=? ?? ?, completed=false, user=null)
Todo(id=7, title=Buy milk, completed=false, user=lsh)
Todo(id=8, title=Eat Lunch, completed=false, user=lsh)
Todo(id=9, title=Haha, completed=false, user=lsh)
Todo(id=10, title=Study Vue.JS, completed=false, user=lsh)
Todo(id=11, title=One more, completed=false, user=null)
Todo(id=12, title=null, completed=false, user=false)
Todo(id=13, title=null, completed=false, user=false)
Todo(id=14, title=test, completed=false, user=lsh)
Todo(id=15, title=New Test, completed=false, user=sungdl93)
Todo(id=16, title=Oh my God, completed=false, user=sungdl93)
Todo(id=17, title=It's my Diary, completed=false, user=sungdl93)
Todo(id=18, title=Tomorrow I have work at 6:00AM, completed=false, user=lsh)
Todo(id=19, title=Oh!!1, completed=false, user=lee)
Todo(id=20, title=It's Real!!!!, completed=false, user=lee)
Todo(id=21, title=I make a web site on the vue and spring boot, completed=false, user=lee)
Todo(id=22, title=이이이이이, completed=false, user=soondl)
Todo(id=23, title=이이이이, completed=false, user=soondl)
Todo(id=24, title=이이이잉, completed=false, user=soondl)
Todo(id=25, title=ㅝㅐㄹㅈㄷ뤠, completed=false, user=soondl)
Todo(id=26, title=니ㅓㅏㅜㄹㄴㄷ, completed=false, user=soondl)
Todo(id=27, title=New, completed=false, user=new)
Todo(id=28, title=Test, completed=false, user=new)
Todo(id=29, title=Text, completed=false, user=new)
Todo(id=30, title=Wow, completed=false, user=new)
]]></system-out>
  <system-err><![CDATA[Loading class `com.mysql.jdbc.Driver'. This is deprecated. The new driver class is `com.mysql.cj.jdbc.Driver'. The driver is automatically registered via the SPI and manual loading of the driver class is generally unnecessary.
]]></system-err>
</testsuite>
